<?xml version="1.0" encoding="UTF-8"?>
<testsuite xmlns:xsi="http://www.w3.org/2001/XMLSchema-instance" xsi:noNamespaceSchemaLocation="https://maven.apache.org/surefire/maven-surefire-plugin/xsd/surefire-test-report-3.0.xsd" version="3.0" name="com.gauthiii.health.patient_system.PatientSystemApplicationTests" time="1.613" tests="1" errors="0" skipped="0" failures="0">
  <properties>
[...]
</properties>
  <testcase name="contextLoads" classname="com.gauthiii.health.patient_system.PatientSystemApplicationTests" time="0.402">
    <system-out><![CDATA[00:27:00.570 [main] INFO org.springframework.test.context.support.AnnotationConfigContextLoaderUtils -- Could not detect default configuration classes for test class [com.gauthiii.health.patient_system.PatientSystemApplicationTests]: PatientSystemApplicationTests does not declare any static, non-private, non-final, nested classes annotated with @Configuration.
00:27:00.612 [main] INFO org.springframework.boot.test.context.SpringBootTestContextBootstrapper -- Found @SpringBootConfiguration com.gauthiii.health.patient_system.PatientSystemApplication for test class com.gauthiii.health.patient_system.PatientSystemApplicationTests
00:27:00.667 [main] INFO org.springframework.boot.devtools.restart.RestartApplicationListener -- Restart disabled due to context in which it is running
  .   ____          _            __ _ _
 /\\ / ___'_ __ _ _(_)_ __  __ _ \ \ \ \
( ( )\___ | '_ | '_| | '_ \/ _` | \ \ \ \
 \\/  ___)| |_)| | | | | || (_| |  ) ) ) )
  '  |____| .__|_| |_|_| |_\__, | / / / /
 =========|_|==============|___/=/_/_/_/

 :: Spring Boot ::                (v3.3.0)

2024-07-08T00:27:00.750+05:30  INFO 44259 --- [patient-system] [           main] c.g.h.p.PatientSystemApplicationTests    : Starting PatientSystemApplicationTests using Java 17.0.9 with PID 44259 (started by gauthamsmacbook in /Users/gauthamsmacbook/Apps/Springboot Apps/patient-system)
2024-07-08T00:27:00.751+05:30  INFO 44259 --- [patient-system] [           main] c.g.h.p.PatientSystemApplicationTests    : No active profile set, falling back to 1 default profile: "default"
2024-07-08T00:27:01.034+05:30  INFO 44259 --- [patient-system] [           main] .s.d.r.c.RepositoryConfigurationDelegate : Bootstrapping Spring Data MongoDB repositories in DEFAULT mode.
2024-07-08T00:27:01.053+05:30  INFO 44259 --- [patient-system] [           main] .s.d.r.c.RepositoryConfigurationDelegate : Finished Spring Data repository scanning in 17 ms. Found 2 MongoDB repository interfaces.
2024-07-08T00:27:01.266+05:30  INFO 44259 --- [patient-system] [3yk.mongodb.net] org.mongodb.driver.cluster               : Adding discovered server ac-zate0qo-shard-00-02.eqcg3yk.mongodb.net:27017 to client view of cluster
2024-07-08T00:27:01.266+05:30  INFO 44259 --- [patient-system] [           main] org.mongodb.driver.client                : MongoClient with metadata {"application": {"name": "ckusterx"}, "driver": {"name": "mongo-java-driver|sync|spring-boot", "version": "5.0.1"}, "os": {"type": "Darwin", "name": "Mac OS X", "architecture": "aarch64", "version": "14.1.2"}, "platform": "Java/Oracle Corporation/17.0.9+11-LTS-201"} created with settings MongoClientSettings{readPreference=primary, writeConcern=WriteConcern{w=majority, wTimeout=null ms, journal=null}, retryWrites=true, retryReads=true, readConcern=ReadConcern{level=null}, credential=MongoCredential{mechanism=null, userName='gautham', source='admin', password=<hidden>, mechanismProperties=<hidden>}, transportSettings=null, commandListeners=[], codecRegistry=ProvidersCodecRegistry{codecProviders=[ValueCodecProvider{}, BsonValueCodecProvider{}, DBRefCodecProvider{}, DBObjectCodecProvider{}, DocumentCodecProvider{}, CollectionCodecProvider{}, IterableCodecProvider{}, MapCodecProvider{}, GeoJsonCodecProvider{}, GridFSFileCodecProvider{}, Jsr310CodecProvider{}, JsonObjectCodecProvider{}, BsonCodecProvider{}, EnumCodecProvider{}, com.mongodb.client.model.mql.ExpressionCodecProvider@45117dd, com.mongodb.Jep395RecordCodecProvider@7741771e, com.mongodb.KotlinCodecProvider@834e986]}, loggerSettings=LoggerSettings{maxDocumentLength=1000}, clusterSettings={hosts=[127.0.0.1:27017], srvHost=ckusterx.eqcg3yk.mongodb.net, srvServiceName=mongodb, mode=MULTIPLE, requiredClusterType=REPLICA_SET, requiredReplicaSetName='atlas-ig4x49-shard-0', serverSelector='null', clusterListeners='[]', serverSelectionTimeout='30000 ms', localThreshold='15 ms'}, socketSettings=SocketSettings{connectTimeoutMS=10000, readTimeoutMS=0, receiveBufferSize=0, proxySettings=ProxySettings{host=null, port=null, username=null, password=null}}, heartbeatSocketSettings=SocketSettings{connectTimeoutMS=10000, readTimeoutMS=10000, receiveBufferSize=0, proxySettings=ProxySettings{host=null, port=null, username=null, password=null}}, connectionPoolSettings=ConnectionPoolSettings{maxSize=100, minSize=0, maxWaitTimeMS=120000, maxConnectionLifeTimeMS=0, maxConnectionIdleTimeMS=0, maintenanceInitialDelayMS=0, maintenanceFrequencyMS=60000, connectionPoolListeners=[], maxConnecting=2}, serverSettings=ServerSettings{heartbeatFrequencyMS=10000, minHeartbeatFrequencyMS=500, serverListeners='[]', serverMonitorListeners='[]'}, sslSettings=SslSettings{enabled=true, invalidHostNameAllowed=false, context=null}, applicationName='ckusterx', compressorList=[], uuidRepresentation=JAVA_LEGACY, serverApi=null, autoEncryptionSettings=null, dnsClient=null, inetAddressResolver=null, contextProvider=null}
2024-07-08T00:27:01.274+05:30  INFO 44259 --- [patient-system] [3yk.mongodb.net] org.mongodb.driver.cluster               : Adding discovered server ac-zate0qo-shard-00-00.eqcg3yk.mongodb.net:27017 to client view of cluster
2024-07-08T00:27:01.275+05:30  INFO 44259 --- [patient-system] [3yk.mongodb.net] org.mongodb.driver.cluster               : Adding discovered server ac-zate0qo-shard-00-01.eqcg3yk.mongodb.net:27017 to client view of cluster
2024-07-08T00:27:01.461+05:30  INFO 44259 --- [patient-system] [           main] r$InitializeUserDetailsManagerConfigurer : Global AuthenticationManager configured with UserDetailsService bean with name inMemoryUserDetailsManager
2024-07-08T00:27:01.555+05:30  INFO 44259 --- [patient-system] [ngodb.net:27017] org.mongodb.driver.cluster               : Monitor thread successfully connected to server with description ServerDescription{address=ac-zate0qo-shard-00-00.eqcg3yk.mongodb.net:27017, type=REPLICA_SET_SECONDARY, state=CONNECTED, ok=true, minWireVersion=0, maxWireVersion=21, maxDocumentSize=16777216, logicalSessionTimeoutMinutes=30, roundTripTimeNanos=169063459, setName='atlas-ig4x49-shard-0', canonicalAddress=ac-zate0qo-shard-00-00.eqcg3yk.mongodb.net:27017, hosts=[ac-zate0qo-shard-00-02.eqcg3yk.mongodb.net:27017, ac-zate0qo-shard-00-01.eqcg3yk.mongodb.net:27017, ac-zate0qo-shard-00-00.eqcg3yk.mongodb.net:27017], passives=[], arbiters=[], primary='ac-zate0qo-shard-00-01.eqcg3yk.mongodb.net:27017', tagSet=TagSet{[Tag{name='availabilityZone', value='aps1-az1'}, Tag{name='diskState', value='READY'}, Tag{name='nodeType', value='ELECTABLE'}, Tag{name='provider', value='AWS'}, Tag{name='region', value='AP_SOUTH_1'}, Tag{name='workloadType', value='OPERATIONAL'}]}, electionId=null, setVersion=74, topologyVersion=TopologyVersion{processId=668a290f45b88be6c582f147, counter=5}, lastWriteDate=Mon Jul 08 00:27:01 IST 2024, lastUpdateTimeNanos=904628710821083}
2024-07-08T00:27:01.555+05:30  INFO 44259 --- [patient-system] [ngodb.net:27017] org.mongodb.driver.cluster               : Monitor thread successfully connected to server with description ServerDescription{address=ac-zate0qo-shard-00-01.eqcg3yk.mongodb.net:27017, type=REPLICA_SET_PRIMARY, state=CONNECTED, ok=true, minWireVersion=0, maxWireVersion=21, maxDocumentSize=16777216, logicalSessionTimeoutMinutes=30, roundTripTimeNanos=169077750, setName='atlas-ig4x49-shard-0', canonicalAddress=ac-zate0qo-shard-00-01.eqcg3yk.mongodb.net:27017, hosts=[ac-zate0qo-shard-00-02.eqcg3yk.mongodb.net:27017, ac-zate0qo-shard-00-01.eqcg3yk.mongodb.net:27017, ac-zate0qo-shard-00-00.eqcg3yk.mongodb.net:27017], passives=[], arbiters=[], primary='ac-zate0qo-shard-00-01.eqcg3yk.mongodb.net:27017', tagSet=TagSet{[Tag{name='availabilityZone', value='aps1-az3'}, Tag{name='diskState', value='READY'}, Tag{name='nodeType', value='ELECTABLE'}, Tag{name='provider', value='AWS'}, Tag{name='region', value='AP_SOUTH_1'}, Tag{name='workloadType', value='OPERATIONAL'}]}, electionId=7fffffff0000000000000056, setVersion=74, topologyVersion=TopologyVersion{processId=668a2803db35174e5be33992, counter=9}, lastWriteDate=Mon Jul 08 00:27:01 IST 2024, lastUpdateTimeNanos=904628710821083}
2024-07-08T00:27:01.555+05:30  INFO 44259 --- [patient-system] [ngodb.net:27017] org.mongodb.driver.cluster               : Monitor thread successfully connected to server with description ServerDescription{address=ac-zate0qo-shard-00-02.eqcg3yk.mongodb.net:27017, type=REPLICA_SET_SECONDARY, state=CONNECTED, ok=true, minWireVersion=0, maxWireVersion=21, maxDocumentSize=16777216, logicalSessionTimeoutMinutes=30, roundTripTimeNanos=169147541, setName='atlas-ig4x49-shard-0', canonicalAddress=ac-zate0qo-shard-00-02.eqcg3yk.mongodb.net:27017, hosts=[ac-zate0qo-shard-00-02.eqcg3yk.mongodb.net:27017, ac-zate0qo-shard-00-01.eqcg3yk.mongodb.net:27017, ac-zate0qo-shard-00-00.eqcg3yk.mongodb.net:27017], passives=[], arbiters=[], primary='ac-zate0qo-shard-00-01.eqcg3yk.mongodb.net:27017', tagSet=TagSet{[Tag{name='availabilityZone', value='aps1-az2'}, Tag{name='diskState', value='READY'}, Tag{name='nodeType', value='ELECTABLE'}, Tag{name='provider', value='AWS'}, Tag{name='region', value='AP_SOUTH_1'}, Tag{name='workloadType', value='OPERATIONAL'}]}, electionId=null, setVersion=74, topologyVersion=TopologyVersion{processId=668a2a3753c0ed72ac911174, counter=5}, lastWriteDate=Mon Jul 08 00:27:01 IST 2024, lastUpdateTimeNanos=904628710901583}
2024-07-08T00:27:01.557+05:30  INFO 44259 --- [patient-system] [ngodb.net:27017] org.mongodb.driver.cluster               : Discovered replica set primary ac-zate0qo-shard-00-01.eqcg3yk.mongodb.net:27017 with max election id 7fffffff0000000000000056 and max set version 74
2024-07-08T00:27:01.586+05:30  INFO 44259 --- [patient-system] [           main] o.s.s.web.DefaultSecurityFilterChain     : Will secure any request with [org.springframework.security.web.session.DisableEncodeUrlFilter@65753724, org.springframework.security.web.context.request.async.WebAsyncManagerIntegrationFilter@2bc16fe2, org.springframework.security.web.context.SecurityContextHolderFilter@1182413a, org.springframework.security.web.header.HeaderWriterFilter@67e77f52, org.springframework.web.filter.CorsFilter@d66502, org.springframework.security.web.authentication.logout.LogoutFilter@1a7163e3, org.springframework.security.web.authentication.www.BasicAuthenticationFilter@e881e46, org.springframework.security.web.savedrequest.RequestCacheAwareFilter@5b14f482, org.springframework.security.web.servletapi.SecurityContextHolderAwareRequestFilter@6b9697ae, org.springframework.security.web.authentication.AnonymousAuthenticationFilter@78545d40, org.springframework.security.web.access.ExceptionTranslationFilter@524f5ea5, org.springframework.security.web.access.intercept.AuthorizationFilter@23f5008a]
2024-07-08T00:27:01.714+05:30  INFO 44259 --- [patient-system] [           main] c.g.h.p.PatientSystemApplicationTests    : Started PatientSystemApplicationTests in 1.052 seconds (process running for 1.369)
]]></system-out>
  </testcase>
</testsuite>